{
    "level": "INFO",
    "message": "DATABASE_CONNECTION",
    "timestamp": "2025-04-16T14:12:41.224Z",
    "meta": {
        "CONNECTION_NAME": "test"
    }
}
{
    "level": "INFO",
    "message": "RATE_LIMITER_INITIATED",
    "timestamp": "2025-04-16T14:12:41.234Z",
    "meta": {}
}
{
    "level": "INFO",
    "message": "APPLICATION_STARTED",
    "timestamp": "2025-04-16T14:12:41.235Z",
    "meta": {
        "PORT": "5000",
        "SERVER_URL": "http://localhost:5000"
    }
}
{
    "level": "INFO",
    "message": "CONTROLLER_RESPONSE",
    "timestamp": "2025-04-16T14:26:52.367Z",
    "meta": {
        "success": true,
        "statusCode": 200,
        "request": {
            "ip": "::1",
            "method": "GET",
            "url": "/v1/self"
        },
        "message": "The operation has been successful",
        "data": null
    }
}
{
    "level": "INFO",
    "message": "CONTROLLER_RESPONSE",
    "timestamp": "2025-04-16T14:27:15.857Z",
    "meta": {
        "success": true,
        "statusCode": 200,
        "request": {
            "ip": "::1",
            "method": "GET",
            "url": "/v1/health"
        },
        "message": "The operation has been successful",
        "data": {
            "application": {
                "environment": "development",
                "uptime": "875.95 Seconds",
                "memoryUsage": {
                    "heapTotal": "22.48 MB",
                    "heapUsed": "21.01 MB"
                }
            },
            "system": {
                "cpuUsage": [
                    0,
                    0,
                    0
                ],
                "totalMemory": "5989.49 MB",
                "freeMemory": "588.43 MB"
            },
            "timestamp": 1744813635856
        }
    }
}
{
    "level": "INFO",
    "message": "DATABASE_CONNECTION",
    "timestamp": "2025-04-16T14:39:54.213Z",
    "meta": {
        "CONNECTION_NAME": "test"
    }
}
{
    "level": "INFO",
    "message": "RATE_LIMITER_INITIATED",
    "timestamp": "2025-04-16T14:39:54.232Z",
    "meta": {}
}
{
    "level": "INFO",
    "message": "APPLICATION_STARTED",
    "timestamp": "2025-04-16T14:39:54.233Z",
    "meta": {
        "PORT": "5000",
        "SERVER_URL": "http://localhost:5000"
    }
}
{
    "level": "INFO",
    "message": "DATABASE_CONNECTION",
    "timestamp": "2025-04-16T14:40:03.543Z",
    "meta": {
        "CONNECTION_NAME": "test"
    }
}
{
    "level": "INFO",
    "message": "RATE_LIMITER_INITIATED",
    "timestamp": "2025-04-16T14:40:03.554Z",
    "meta": {}
}
{
    "level": "INFO",
    "message": "APPLICATION_STARTED",
    "timestamp": "2025-04-16T14:40:03.555Z",
    "meta": {
        "PORT": "5000",
        "SERVER_URL": "http://localhost:5000"
    }
}
{
    "level": "INFO",
    "message": "DATABASE_CONNECTION",
    "timestamp": "2025-04-16T14:41:05.617Z",
    "meta": {
        "CONNECTION_NAME": "test"
    }
}
{
    "level": "INFO",
    "message": "RATE_LIMITER_INITIATED",
    "timestamp": "2025-04-16T14:41:05.627Z",
    "meta": {}
}
{
    "level": "INFO",
    "message": "APPLICATION_STARTED",
    "timestamp": "2025-04-16T14:41:05.629Z",
    "meta": {
        "PORT": "5000",
        "SERVER_URL": "http://localhost:5000"
    }
}
{
    "level": "INFO",
    "message": "DATABASE_CONNECTION",
    "timestamp": "2025-04-16T14:42:56.915Z",
    "meta": {
        "CONNECTION_NAME": "test"
    }
}
{
    "level": "INFO",
    "message": "RATE_LIMITER_INITIATED",
    "timestamp": "2025-04-16T14:42:56.925Z",
    "meta": {}
}
{
    "level": "INFO",
    "message": "APPLICATION_STARTED",
    "timestamp": "2025-04-16T14:42:56.926Z",
    "meta": {
        "PORT": "5000",
        "SERVER_URL": "http://localhost:5000"
    }
}
{
    "level": "INFO",
    "message": "DATABASE_CONNECTION",
    "timestamp": "2025-04-16T14:43:09.826Z",
    "meta": {
        "CONNECTION_NAME": "test"
    }
}
{
    "level": "INFO",
    "message": "RATE_LIMITER_INITIATED",
    "timestamp": "2025-04-16T14:43:09.834Z",
    "meta": {}
}
{
    "level": "INFO",
    "message": "APPLICATION_STARTED",
    "timestamp": "2025-04-16T14:43:09.834Z",
    "meta": {
        "PORT": "5000",
        "SERVER_URL": "http://localhost:5000"
    }
}
{
    "level": "INFO",
    "message": "DATABASE_CONNECTION",
    "timestamp": "2025-04-16T14:43:44.741Z",
    "meta": {
        "CONNECTION_NAME": "test"
    }
}
{
    "level": "INFO",
    "message": "RATE_LIMITER_INITIATED",
    "timestamp": "2025-04-16T14:43:44.750Z",
    "meta": {}
}
{
    "level": "INFO",
    "message": "APPLICATION_STARTED",
    "timestamp": "2025-04-16T14:43:44.751Z",
    "meta": {
        "PORT": "5000",
        "SERVER_URL": "http://localhost:5000"
    }
}
{
    "level": "INFO",
    "message": "DATABASE_CONNECTION",
    "timestamp": "2025-04-16T14:46:05.583Z",
    "meta": {
        "CONNECTION_NAME": "test"
    }
}
{
    "level": "INFO",
    "message": "RATE_LIMITER_INITIATED",
    "timestamp": "2025-04-16T14:46:05.592Z",
    "meta": {}
}
{
    "level": "INFO",
    "message": "APPLICATION_STARTED",
    "timestamp": "2025-04-16T14:46:05.593Z",
    "meta": {
        "PORT": "5000",
        "SERVER_URL": "http://localhost:5000"
    }
}
{
    "level": "INFO",
    "message": "DATABASE_CONNECTION",
    "timestamp": "2025-04-16T14:48:12.394Z",
    "meta": {
        "CONNECTION_NAME": "test"
    }
}
{
    "level": "INFO",
    "message": "RATE_LIMITER_INITIATED",
    "timestamp": "2025-04-16T14:48:12.401Z",
    "meta": {}
}
{
    "level": "INFO",
    "message": "APPLICATION_STARTED",
    "timestamp": "2025-04-16T14:48:12.402Z",
    "meta": {
        "PORT": "5000",
        "SERVER_URL": "http://localhost:5000"
    }
}
{
    "level": "INFO",
    "message": "DATABASE_CONNECTION",
    "timestamp": "2025-04-16T14:48:22.162Z",
    "meta": {
        "CONNECTION_NAME": "test"
    }
}
{
    "level": "INFO",
    "message": "RATE_LIMITER_INITIATED",
    "timestamp": "2025-04-16T14:48:22.170Z",
    "meta": {}
}
{
    "level": "INFO",
    "message": "APPLICATION_STARTED",
    "timestamp": "2025-04-16T14:48:22.171Z",
    "meta": {
        "PORT": "5000",
        "SERVER_URL": "http://localhost:5000"
    }
}
{
    "level": "INFO",
    "message": "DATABASE_CONNECTION",
    "timestamp": "2025-04-16T14:48:47.995Z",
    "meta": {
        "CONNECTION_NAME": "test"
    }
}
{
    "level": "INFO",
    "message": "RATE_LIMITER_INITIATED",
    "timestamp": "2025-04-16T14:48:48.004Z",
    "meta": {}
}
{
    "level": "INFO",
    "message": "APPLICATION_STARTED",
    "timestamp": "2025-04-16T14:48:48.005Z",
    "meta": {
        "PORT": "5000",
        "SERVER_URL": "http://localhost:5000"
    }
}
{
    "level": "INFO",
    "message": "DATABASE_CONNECTION",
    "timestamp": "2025-04-16T14:49:12.760Z",
    "meta": {
        "CONNECTION_NAME": "test"
    }
}
{
    "level": "INFO",
    "message": "RATE_LIMITER_INITIATED",
    "timestamp": "2025-04-16T14:49:12.767Z",
    "meta": {}
}
{
    "level": "INFO",
    "message": "APPLICATION_STARTED",
    "timestamp": "2025-04-16T14:49:12.768Z",
    "meta": {
        "PORT": "5000",
        "SERVER_URL": "http://localhost:5000"
    }
}
{
    "level": "INFO",
    "message": "DATABASE_CONNECTION",
    "timestamp": "2025-04-16T14:49:29.701Z",
    "meta": {
        "CONNECTION_NAME": "test"
    }
}
{
    "level": "INFO",
    "message": "RATE_LIMITER_INITIATED",
    "timestamp": "2025-04-16T14:49:29.728Z",
    "meta": {}
}
{
    "level": "INFO",
    "message": "APPLICATION_STARTED",
    "timestamp": "2025-04-16T14:49:29.731Z",
    "meta": {
        "PORT": "5000",
        "SERVER_URL": "http://localhost:5000"
    }
}
{
    "level": "INFO",
    "message": "DATABASE_CONNECTION",
    "timestamp": "2025-04-16T14:49:50.717Z",
    "meta": {
        "CONNECTION_NAME": "test"
    }
}
{
    "level": "INFO",
    "message": "RATE_LIMITER_INITIATED",
    "timestamp": "2025-04-16T14:49:50.726Z",
    "meta": {}
}
{
    "level": "INFO",
    "message": "APPLICATION_STARTED",
    "timestamp": "2025-04-16T14:49:50.726Z",
    "meta": {
        "PORT": "5000",
        "SERVER_URL": "http://localhost:5000"
    }
}
{
    "level": "INFO",
    "message": "DATABASE_CONNECTION",
    "timestamp": "2025-04-16T14:50:45.562Z",
    "meta": {
        "CONNECTION_NAME": "test"
    }
}
{
    "level": "INFO",
    "message": "RATE_LIMITER_INITIATED",
    "timestamp": "2025-04-16T14:50:45.569Z",
    "meta": {}
}
{
    "level": "INFO",
    "message": "APPLICATION_STARTED",
    "timestamp": "2025-04-16T14:50:45.570Z",
    "meta": {
        "PORT": "5000",
        "SERVER_URL": "http://localhost:5000"
    }
}
{
    "level": "INFO",
    "message": "DATABASE_CONNECTION",
    "timestamp": "2025-04-16T14:51:09.336Z",
    "meta": {
        "CONNECTION_NAME": "test"
    }
}
{
    "level": "INFO",
    "message": "RATE_LIMITER_INITIATED",
    "timestamp": "2025-04-16T14:51:09.353Z",
    "meta": {}
}
{
    "level": "INFO",
    "message": "APPLICATION_STARTED",
    "timestamp": "2025-04-16T14:51:09.354Z",
    "meta": {
        "PORT": "5000",
        "SERVER_URL": "http://localhost:5000"
    }
}
{
    "level": "INFO",
    "message": "DATABASE_CONNECTION",
    "timestamp": "2025-04-16T14:51:30.112Z",
    "meta": {
        "CONNECTION_NAME": "test"
    }
}
{
    "level": "INFO",
    "message": "RATE_LIMITER_INITIATED",
    "timestamp": "2025-04-16T14:51:30.121Z",
    "meta": {}
}
{
    "level": "INFO",
    "message": "APPLICATION_STARTED",
    "timestamp": "2025-04-16T14:51:30.122Z",
    "meta": {
        "PORT": "5000",
        "SERVER_URL": "http://localhost:5000"
    }
}
{
    "level": "INFO",
    "message": "DATABASE_CONNECTION",
    "timestamp": "2025-04-16T14:51:37.424Z",
    "meta": {
        "CONNECTION_NAME": "test"
    }
}
{
    "level": "INFO",
    "message": "RATE_LIMITER_INITIATED",
    "timestamp": "2025-04-16T14:51:37.438Z",
    "meta": {}
}
{
    "level": "INFO",
    "message": "APPLICATION_STARTED",
    "timestamp": "2025-04-16T14:51:37.439Z",
    "meta": {
        "PORT": "5000",
        "SERVER_URL": "http://localhost:5000"
    }
}
{
    "level": "INFO",
    "message": "DATABASE_CONNECTION",
    "timestamp": "2025-04-16T14:51:58.923Z",
    "meta": {
        "CONNECTION_NAME": "test"
    }
}
{
    "level": "INFO",
    "message": "RATE_LIMITER_INITIATED",
    "timestamp": "2025-04-16T14:51:58.932Z",
    "meta": {}
}
{
    "level": "INFO",
    "message": "APPLICATION_STARTED",
    "timestamp": "2025-04-16T14:51:58.933Z",
    "meta": {
        "PORT": "5000",
        "SERVER_URL": "http://localhost:5000"
    }
}
{
    "level": "INFO",
    "message": "DATABASE_CONNECTION",
    "timestamp": "2025-04-16T14:52:13.148Z",
    "meta": {
        "CONNECTION_NAME": "test"
    }
}
{
    "level": "INFO",
    "message": "RATE_LIMITER_INITIATED",
    "timestamp": "2025-04-16T14:52:13.156Z",
    "meta": {}
}
{
    "level": "INFO",
    "message": "APPLICATION_STARTED",
    "timestamp": "2025-04-16T14:52:13.157Z",
    "meta": {
        "PORT": "5000",
        "SERVER_URL": "http://localhost:5000"
    }
}
{
    "level": "INFO",
    "message": "DATABASE_CONNECTION",
    "timestamp": "2025-04-16T14:52:36.065Z",
    "meta": {
        "CONNECTION_NAME": "test"
    }
}
{
    "level": "INFO",
    "message": "RATE_LIMITER_INITIATED",
    "timestamp": "2025-04-16T14:52:36.073Z",
    "meta": {}
}
{
    "level": "INFO",
    "message": "APPLICATION_STARTED",
    "timestamp": "2025-04-16T14:52:36.074Z",
    "meta": {
        "PORT": "5000",
        "SERVER_URL": "http://localhost:5000"
    }
}
{
    "level": "INFO",
    "message": "DATABASE_CONNECTION",
    "timestamp": "2025-04-16T14:52:58.643Z",
    "meta": {
        "CONNECTION_NAME": "test"
    }
}
{
    "level": "INFO",
    "message": "RATE_LIMITER_INITIATED",
    "timestamp": "2025-04-16T14:52:58.652Z",
    "meta": {}
}
{
    "level": "INFO",
    "message": "APPLICATION_STARTED",
    "timestamp": "2025-04-16T14:52:58.653Z",
    "meta": {
        "PORT": "5000",
        "SERVER_URL": "http://localhost:5000"
    }
}
{
    "level": "INFO",
    "message": "DATABASE_CONNECTION",
    "timestamp": "2025-04-16T14:53:43.227Z",
    "meta": {
        "CONNECTION_NAME": "test"
    }
}
{
    "level": "INFO",
    "message": "RATE_LIMITER_INITIATED",
    "timestamp": "2025-04-16T14:53:43.236Z",
    "meta": {}
}
{
    "level": "INFO",
    "message": "APPLICATION_STARTED",
    "timestamp": "2025-04-16T14:53:43.237Z",
    "meta": {
        "PORT": "5000",
        "SERVER_URL": "http://localhost:5000"
    }
}
{
    "level": "INFO",
    "message": "DATABASE_CONNECTION",
    "timestamp": "2025-04-16T14:58:19.684Z",
    "meta": {
        "CONNECTION_NAME": "test"
    }
}
{
    "level": "INFO",
    "message": "RATE_LIMITER_INITIATED",
    "timestamp": "2025-04-16T14:58:19.696Z",
    "meta": {}
}
{
    "level": "INFO",
    "message": "APPLICATION_STARTED",
    "timestamp": "2025-04-16T14:58:19.697Z",
    "meta": {
        "PORT": "5000",
        "SERVER_URL": "http://localhost:5000"
    }
}
{
    "level": "INFO",
    "message": "DATABASE_CONNECTION",
    "timestamp": "2025-04-16T14:58:24.004Z",
    "meta": {
        "CONNECTION_NAME": "test"
    }
}
{
    "level": "INFO",
    "message": "RATE_LIMITER_INITIATED",
    "timestamp": "2025-04-16T14:58:24.013Z",
    "meta": {}
}
{
    "level": "INFO",
    "message": "APPLICATION_STARTED",
    "timestamp": "2025-04-16T14:58:24.014Z",
    "meta": {
        "PORT": "5000",
        "SERVER_URL": "http://localhost:5000"
    }
}
{
    "level": "INFO",
    "message": "DATABASE_CONNECTION",
    "timestamp": "2025-04-16T14:59:13.226Z",
    "meta": {
        "CONNECTION_NAME": "test"
    }
}
{
    "level": "INFO",
    "message": "RATE_LIMITER_INITIATED",
    "timestamp": "2025-04-16T14:59:13.238Z",
    "meta": {}
}
{
    "level": "INFO",
    "message": "APPLICATION_STARTED",
    "timestamp": "2025-04-16T14:59:13.239Z",
    "meta": {
        "PORT": "5000",
        "SERVER_URL": "http://localhost:5000"
    }
}
{
    "level": "INFO",
    "message": "DATABASE_CONNECTION",
    "timestamp": "2025-04-16T15:02:06.874Z",
    "meta": {
        "CONNECTION_NAME": "test"
    }
}
{
    "level": "INFO",
    "message": "RATE_LIMITER_INITIATED",
    "timestamp": "2025-04-16T15:02:06.881Z",
    "meta": {}
}
{
    "level": "INFO",
    "message": "APPLICATION_STARTED",
    "timestamp": "2025-04-16T15:02:06.882Z",
    "meta": {
        "PORT": "5000",
        "SERVER_URL": "http://localhost:5000"
    }
}
{
    "level": "INFO",
    "message": "DATABASE_CONNECTION",
    "timestamp": "2025-04-16T15:07:26.860Z",
    "meta": {
        "CONNECTION_NAME": "test"
    }
}
{
    "level": "INFO",
    "message": "RATE_LIMITER_INITIATED",
    "timestamp": "2025-04-16T15:07:26.867Z",
    "meta": {}
}
{
    "level": "INFO",
    "message": "APPLICATION_STARTED",
    "timestamp": "2025-04-16T15:07:26.868Z",
    "meta": {
        "PORT": "5000",
        "SERVER_URL": "http://localhost:5000"
    }
}
{
    "level": "INFO",
    "message": "DATABASE_CONNECTION",
    "timestamp": "2025-04-16T15:09:27.262Z",
    "meta": {
        "CONNECTION_NAME": "goupbroad"
    }
}
{
    "level": "INFO",
    "message": "RATE_LIMITER_INITIATED",
    "timestamp": "2025-04-16T15:09:27.271Z",
    "meta": {}
}
{
    "level": "INFO",
    "message": "APPLICATION_STARTED",
    "timestamp": "2025-04-16T15:09:27.272Z",
    "meta": {
        "PORT": "5000",
        "SERVER_URL": "http://localhost:5000"
    }
}
{
    "level": "INFO",
    "message": "DATABASE_CONNECTION",
    "timestamp": "2025-04-16T15:11:20.908Z",
    "meta": {
        "CONNECTION_NAME": "goupbroad"
    }
}
{
    "level": "INFO",
    "message": "RATE_LIMITER_INITIATED",
    "timestamp": "2025-04-16T15:11:20.918Z",
    "meta": {}
}
{
    "level": "INFO",
    "message": "APPLICATION_STARTED",
    "timestamp": "2025-04-16T15:11:20.919Z",
    "meta": {
        "PORT": "5000",
        "SERVER_URL": "http://localhost:5000"
    }
}
{
    "level": "INFO",
    "message": "DATABASE_CONNECTION",
    "timestamp": "2025-04-16T15:11:44.328Z",
    "meta": {
        "CONNECTION_NAME": "goupbroad"
    }
}
{
    "level": "INFO",
    "message": "RATE_LIMITER_INITIATED",
    "timestamp": "2025-04-16T15:11:44.339Z",
    "meta": {}
}
{
    "level": "INFO",
    "message": "APPLICATION_STARTED",
    "timestamp": "2025-04-16T15:11:44.340Z",
    "meta": {
        "PORT": "5000",
        "SERVER_URL": "http://localhost:5000"
    }
}
{
    "level": "INFO",
    "message": "DATABASE_CONNECTION",
    "timestamp": "2025-04-16T15:12:25.852Z",
    "meta": {
        "CONNECTION_NAME": "goupbroad"
    }
}
{
    "level": "INFO",
    "message": "RATE_LIMITER_INITIATED",
    "timestamp": "2025-04-16T15:12:25.862Z",
    "meta": {}
}
{
    "level": "INFO",
    "message": "APPLICATION_STARTED",
    "timestamp": "2025-04-16T15:12:25.863Z",
    "meta": {
        "PORT": "5000",
        "SERVER_URL": "http://localhost:5000"
    }
}
{
    "level": "INFO",
    "message": "DATABASE_CONNECTION",
    "timestamp": "2025-04-16T15:13:55.990Z",
    "meta": {
        "CONNECTION_NAME": "goupbroad"
    }
}
{
    "level": "INFO",
    "message": "RATE_LIMITER_INITIATED",
    "timestamp": "2025-04-16T15:13:56.000Z",
    "meta": {}
}
{
    "level": "INFO",
    "message": "APPLICATION_STARTED",
    "timestamp": "2025-04-16T15:13:56.001Z",
    "meta": {
        "PORT": "5000",
        "SERVER_URL": "http://localhost:5000"
    }
}
{
    "level": "INFO",
    "message": "DATABASE_CONNECTION",
    "timestamp": "2025-04-16T15:14:36.653Z",
    "meta": {
        "CONNECTION_NAME": "goupbroad"
    }
}
{
    "level": "INFO",
    "message": "RATE_LIMITER_INITIATED",
    "timestamp": "2025-04-16T15:14:36.659Z",
    "meta": {}
}
{
    "level": "INFO",
    "message": "APPLICATION_STARTED",
    "timestamp": "2025-04-16T15:14:36.660Z",
    "meta": {
        "PORT": "5000",
        "SERVER_URL": "http://localhost:5000"
    }
}
{
    "level": "INFO",
    "message": "DATABASE_CONNECTION",
    "timestamp": "2025-04-16T15:16:50.759Z",
    "meta": {
        "CONNECTION_NAME": "goupbroad"
    }
}
{
    "level": "INFO",
    "message": "RATE_LIMITER_INITIATED",
    "timestamp": "2025-04-16T15:16:50.770Z",
    "meta": {}
}
{
    "level": "INFO",
    "message": "APPLICATION_STARTED",
    "timestamp": "2025-04-16T15:16:50.771Z",
    "meta": {
        "PORT": "5000",
        "SERVER_URL": "http://localhost:5000"
    }
}
{
    "level": "INFO",
    "message": "DATABASE_CONNECTION",
    "timestamp": "2025-04-16T15:18:02.873Z",
    "meta": {
        "CONNECTION_NAME": "goupbroad"
    }
}
{
    "level": "INFO",
    "message": "RATE_LIMITER_INITIATED",
    "timestamp": "2025-04-16T15:18:02.880Z",
    "meta": {}
}
{
    "level": "INFO",
    "message": "APPLICATION_STARTED",
    "timestamp": "2025-04-16T15:18:02.880Z",
    "meta": {
        "PORT": "5000",
        "SERVER_URL": "http://localhost:5000"
    }
}
{
    "level": "INFO",
    "message": "DATABASE_CONNECTION",
    "timestamp": "2025-04-16T15:18:06.843Z",
    "meta": {
        "CONNECTION_NAME": "goupbroad"
    }
}
{
    "level": "INFO",
    "message": "RATE_LIMITER_INITIATED",
    "timestamp": "2025-04-16T15:18:06.851Z",
    "meta": {}
}
{
    "level": "INFO",
    "message": "APPLICATION_STARTED",
    "timestamp": "2025-04-16T15:18:06.852Z",
    "meta": {
        "PORT": "5000",
        "SERVER_URL": "http://localhost:5000"
    }
}
{
    "level": "INFO",
    "message": "DATABASE_CONNECTION",
    "timestamp": "2025-04-16T15:18:29.422Z",
    "meta": {
        "CONNECTION_NAME": "goupbroad"
    }
}
{
    "level": "INFO",
    "message": "RATE_LIMITER_INITIATED",
    "timestamp": "2025-04-16T15:18:29.429Z",
    "meta": {}
}
{
    "level": "INFO",
    "message": "APPLICATION_STARTED",
    "timestamp": "2025-04-16T15:18:29.430Z",
    "meta": {
        "PORT": "5000",
        "SERVER_URL": "http://localhost:5000"
    }
}
{
    "level": "INFO",
    "message": "DATABASE_CONNECTION",
    "timestamp": "2025-04-16T15:19:23.807Z",
    "meta": {
        "CONNECTION_NAME": "goupbroad"
    }
}
{
    "level": "INFO",
    "message": "RATE_LIMITER_INITIATED",
    "timestamp": "2025-04-16T15:19:23.814Z",
    "meta": {}
}
{
    "level": "INFO",
    "message": "APPLICATION_STARTED",
    "timestamp": "2025-04-16T15:19:23.815Z",
    "meta": {
        "PORT": "5000",
        "SERVER_URL": "http://localhost:5000"
    }
}
{
    "level": "INFO",
    "message": "DATABASE_CONNECTION",
    "timestamp": "2025-04-16T15:19:44.780Z",
    "meta": {
        "CONNECTION_NAME": "goupbroad"
    }
}
{
    "level": "INFO",
    "message": "RATE_LIMITER_INITIATED",
    "timestamp": "2025-04-16T15:19:44.788Z",
    "meta": {}
}
{
    "level": "INFO",
    "message": "APPLICATION_STARTED",
    "timestamp": "2025-04-16T15:19:44.789Z",
    "meta": {
        "PORT": "5000",
        "SERVER_URL": "http://localhost:5000"
    }
}
{
    "level": "INFO",
    "message": "DATABASE_CONNECTION",
    "timestamp": "2025-04-16T15:20:13.419Z",
    "meta": {
        "CONNECTION_NAME": "goupbroad"
    }
}
{
    "level": "INFO",
    "message": "RATE_LIMITER_INITIATED",
    "timestamp": "2025-04-16T15:20:13.426Z",
    "meta": {}
}
{
    "level": "INFO",
    "message": "APPLICATION_STARTED",
    "timestamp": "2025-04-16T15:20:13.426Z",
    "meta": {
        "PORT": "5000",
        "SERVER_URL": "http://localhost:5000"
    }
}
{
    "level": "INFO",
    "message": "DATABASE_CONNECTION",
    "timestamp": "2025-04-16T15:20:20.818Z",
    "meta": {
        "CONNECTION_NAME": "goupbroad"
    }
}
{
    "level": "INFO",
    "message": "RATE_LIMITER_INITIATED",
    "timestamp": "2025-04-16T15:20:20.826Z",
    "meta": {}
}
{
    "level": "INFO",
    "message": "APPLICATION_STARTED",
    "timestamp": "2025-04-16T15:20:20.827Z",
    "meta": {
        "PORT": "5000",
        "SERVER_URL": "http://localhost:5000"
    }
}
{
    "level": "INFO",
    "message": "DATABASE_CONNECTION",
    "timestamp": "2025-04-16T15:20:49.376Z",
    "meta": {
        "CONNECTION_NAME": "goupbroad"
    }
}
{
    "level": "INFO",
    "message": "RATE_LIMITER_INITIATED",
    "timestamp": "2025-04-16T15:20:49.385Z",
    "meta": {}
}
{
    "level": "INFO",
    "message": "APPLICATION_STARTED",
    "timestamp": "2025-04-16T15:20:49.386Z",
    "meta": {
        "PORT": "5000",
        "SERVER_URL": "http://localhost:5000"
    }
}
{
    "level": "INFO",
    "message": "DATABASE_CONNECTION",
    "timestamp": "2025-04-16T15:21:27.598Z",
    "meta": {
        "CONNECTION_NAME": "goupbroad"
    }
}
{
    "level": "INFO",
    "message": "RATE_LIMITER_INITIATED",
    "timestamp": "2025-04-16T15:21:27.606Z",
    "meta": {}
}
{
    "level": "INFO",
    "message": "APPLICATION_STARTED",
    "timestamp": "2025-04-16T15:21:27.607Z",
    "meta": {
        "PORT": "5000",
        "SERVER_URL": "http://localhost:5000"
    }
}
{
    "level": "INFO",
    "message": "DATABASE_CONNECTION",
    "timestamp": "2025-04-16T15:23:27.883Z",
    "meta": {
        "CONNECTION_NAME": "goupbroad"
    }
}
{
    "level": "INFO",
    "message": "RATE_LIMITER_INITIATED",
    "timestamp": "2025-04-16T15:23:27.897Z",
    "meta": {}
}
{
    "level": "INFO",
    "message": "APPLICATION_STARTED",
    "timestamp": "2025-04-16T15:23:27.898Z",
    "meta": {
        "PORT": "5000",
        "SERVER_URL": "http://localhost:5000"
    }
}
{
    "level": "INFO",
    "message": "DATABASE_CONNECTION",
    "timestamp": "2025-04-16T15:23:42.768Z",
    "meta": {
        "CONNECTION_NAME": "goupbroad"
    }
}
{
    "level": "INFO",
    "message": "RATE_LIMITER_INITIATED",
    "timestamp": "2025-04-16T15:23:42.776Z",
    "meta": {}
}
{
    "level": "INFO",
    "message": "APPLICATION_STARTED",
    "timestamp": "2025-04-16T15:23:42.776Z",
    "meta": {
        "PORT": "5000",
        "SERVER_URL": "http://localhost:5000"
    }
}
{
    "level": "INFO",
    "message": "DATABASE_CONNECTION",
    "timestamp": "2025-04-16T15:24:27.460Z",
    "meta": {
        "CONNECTION_NAME": "goupbroad"
    }
}
{
    "level": "INFO",
    "message": "RATE_LIMITER_INITIATED",
    "timestamp": "2025-04-16T15:24:27.470Z",
    "meta": {}
}
{
    "level": "INFO",
    "message": "APPLICATION_STARTED",
    "timestamp": "2025-04-16T15:24:27.471Z",
    "meta": {
        "PORT": "5000",
        "SERVER_URL": "http://localhost:5000"
    }
}
{
    "level": "INFO",
    "message": "DATABASE_CONNECTION",
    "timestamp": "2025-04-16T15:25:08.214Z",
    "meta": {
        "CONNECTION_NAME": "goupbroad"
    }
}
{
    "level": "INFO",
    "message": "RATE_LIMITER_INITIATED",
    "timestamp": "2025-04-16T15:25:08.225Z",
    "meta": {}
}
{
    "level": "INFO",
    "message": "APPLICATION_STARTED",
    "timestamp": "2025-04-16T15:25:08.226Z",
    "meta": {
        "PORT": "5000",
        "SERVER_URL": "http://localhost:5000"
    }
}
{
    "level": "INFO",
    "message": "DATABASE_CONNECTION",
    "timestamp": "2025-04-16T15:25:59.554Z",
    "meta": {
        "CONNECTION_NAME": "goupbroad"
    }
}
{
    "level": "INFO",
    "message": "RATE_LIMITER_INITIATED",
    "timestamp": "2025-04-16T15:25:59.566Z",
    "meta": {}
}
{
    "level": "INFO",
    "message": "APPLICATION_STARTED",
    "timestamp": "2025-04-16T15:25:59.567Z",
    "meta": {
        "PORT": "5000",
        "SERVER_URL": "http://localhost:5000"
    }
}
{
    "level": "INFO",
    "message": "DATABASE_CONNECTION",
    "timestamp": "2025-04-16T15:28:32.951Z",
    "meta": {
        "CONNECTION_NAME": "goupbroad"
    }
}
{
    "level": "INFO",
    "message": "RATE_LIMITER_INITIATED",
    "timestamp": "2025-04-16T15:28:32.959Z",
    "meta": {}
}
{
    "level": "INFO",
    "message": "APPLICATION_STARTED",
    "timestamp": "2025-04-16T15:28:32.961Z",
    "meta": {
        "PORT": "5000",
        "SERVER_URL": "http://localhost:5000"
    }
}
{
    "level": "INFO",
    "message": "CONTROLLER_RESPONSE",
    "timestamp": "2025-04-16T15:28:35.457Z",
    "meta": {
        "success": true,
        "statusCode": 409,
        "request": {
            "ip": "::1",
            "method": "POST",
            "url": "/v1/auth/signup"
        },
        "message": "Something went wrong! - Email already in use",
        "data": null
    }
}
{
    "level": "INFO",
    "message": "DATABASE_CONNECTION",
    "timestamp": "2025-04-16T15:29:27.591Z",
    "meta": {
        "CONNECTION_NAME": "goupbroad"
    }
}
{
    "level": "INFO",
    "message": "RATE_LIMITER_INITIATED",
    "timestamp": "2025-04-16T15:29:27.601Z",
    "meta": {}
}
{
    "level": "INFO",
    "message": "APPLICATION_STARTED",
    "timestamp": "2025-04-16T15:29:27.602Z",
    "meta": {
        "PORT": "5000",
        "SERVER_URL": "http://localhost:5000"
    }
}
{
    "level": "INFO",
    "message": "DATABASE_CONNECTION",
    "timestamp": "2025-04-16T15:30:56.038Z",
    "meta": {
        "CONNECTION_NAME": "goupbroad"
    }
}
{
    "level": "INFO",
    "message": "RATE_LIMITER_INITIATED",
    "timestamp": "2025-04-16T15:30:56.049Z",
    "meta": {}
}
{
    "level": "INFO",
    "message": "APPLICATION_STARTED",
    "timestamp": "2025-04-16T15:30:56.050Z",
    "meta": {
        "PORT": "5000",
        "SERVER_URL": "http://localhost:5000"
    }
}
{
    "level": "INFO",
    "message": "DATABASE_CONNECTION",
    "timestamp": "2025-04-16T15:31:14.926Z",
    "meta": {
        "CONNECTION_NAME": "goupbroad"
    }
}
{
    "level": "INFO",
    "message": "RATE_LIMITER_INITIATED",
    "timestamp": "2025-04-16T15:31:14.935Z",
    "meta": {}
}
{
    "level": "INFO",
    "message": "APPLICATION_STARTED",
    "timestamp": "2025-04-16T15:31:14.936Z",
    "meta": {
        "PORT": "5000",
        "SERVER_URL": "http://localhost:5000"
    }
}
{
    "level": "INFO",
    "message": "CONTROLLER_RESPONSE",
    "timestamp": "2025-04-16T15:31:46.728Z",
    "meta": {
        "success": true,
        "statusCode": 201,
        "request": {
            "ip": "::1",
            "method": "POST",
            "url": "/v1/auth/signup"
        },
        "message": "The operation has been successful",
        "data": {
            "user": {
                "email": "test@gmail.com",
                "programDetails": {
                    "program": null,
                    "validity": null
                },
                "phoneNumber": null,
                "personalDetails": {
                    "dob": null,
                    "gender": null,
                    "address": null,
                    "profession": null
                },
                "collegeDetails": {
                    "branch": null,
                    "highestDegree": null,
                    "university": null,
                    "college": null,
                    "gpa": null,
                    "toppersGPA": null,
                    "noOfBacklogs": null,
                    "admissionTerm": null,
                    "coursesApplying": null
                },
                "greDetails": {
                    "greScore": {
                        "verbal": null,
                        "quant": null,
                        "awa": null
                    },
                    "grePlane": null,
                    "greDate": null,
                    "greScoreBoard": null,
                    "retakingGRE": null
                },
                "ieltsDetails": {
                    "ieltsScore": {
                        "reading": null,
                        "writing": null,
                        "speaking": null,
                        "listening": null
                    },
                    "ieltsPlan": null,
                    "ieltsDate": null,
                    "retakingIELTS": null
                },
                "toeflDetails": {
                    "toeflScore": {
                        "reading": null,
                        "writing": null,
                        "speaking": null
                    },
                    "toeflPlan": null,
                    "toeflDate": null,
                    "retakingTOEFL": null
                },
                "visa": {
                    "countriesPlanningToApply": null,
                    "visaInterviewDate": null,
                    "visaInterviewLocation": null
                },
                "isFeePaid": false,
                "isVerified": false,
                "role": "STUDENT",
                "_id": "67ffcd622df8d11af6c93015",
                "createdAt": "2025-04-16T15:31:46.707Z",
                "updatedAt": "2025-04-16T15:31:46.707Z"
            }
        }
    }
}
{
    "level": "INFO",
    "message": "CONTROLLER_RESPONSE",
    "timestamp": "2025-04-16T15:32:34.504Z",
    "meta": {
        "success": true,
        "statusCode": 201,
        "request": {
            "ip": "::1",
            "method": "POST",
            "url": "/v1/auth/signup"
        },
        "message": "The operation has been successful",
        "data": {
            "user": {
                "email": "test@gmail.com",
                "programDetails": {
                    "program": null,
                    "validity": null
                },
                "phoneNumber": null,
                "personalDetails": {
                    "dob": null,
                    "gender": null,
                    "address": null,
                    "profession": null
                },
                "collegeDetails": {
                    "branch": null,
                    "highestDegree": null,
                    "university": null,
                    "college": null,
                    "gpa": null,
                    "toppersGPA": null,
                    "noOfBacklogs": null,
                    "admissionTerm": null,
                    "coursesApplying": null
                },
                "greDetails": {
                    "greScore": {
                        "verbal": null,
                        "quant": null,
                        "awa": null
                    },
                    "grePlane": null,
                    "greDate": null,
                    "greScoreBoard": null,
                    "retakingGRE": null
                },
                "ieltsDetails": {
                    "ieltsScore": {
                        "reading": null,
                        "writing": null,
                        "speaking": null,
                        "listening": null
                    },
                    "ieltsPlan": null,
                    "ieltsDate": null,
                    "retakingIELTS": null
                },
                "toeflDetails": {
                    "toeflScore": {
                        "reading": null,
                        "writing": null,
                        "speaking": null
                    },
                    "toeflPlan": null,
                    "toeflDate": null,
                    "retakingTOEFL": null
                },
                "visa": {
                    "countriesPlanningToApply": null,
                    "visaInterviewDate": null,
                    "visaInterviewLocation": null
                },
                "isFeePaid": false,
                "isVerified": false,
                "role": "STUDENT",
                "_id": "67ffcd922df8d11af6c93019",
                "createdAt": "2025-04-16T15:32:34.497Z",
                "updatedAt": "2025-04-16T15:32:34.497Z"
            }
        }
    }
}
{
    "level": "INFO",
    "message": "DATABASE_CONNECTION",
    "timestamp": "2025-04-16T15:33:14.636Z",
    "meta": {
        "CONNECTION_NAME": "goupbroad"
    }
}
{
    "level": "INFO",
    "message": "RATE_LIMITER_INITIATED",
    "timestamp": "2025-04-16T15:33:14.646Z",
    "meta": {}
}
{
    "level": "INFO",
    "message": "APPLICATION_STARTED",
    "timestamp": "2025-04-16T15:33:14.647Z",
    "meta": {
        "PORT": "5000",
        "SERVER_URL": "http://localhost:5000"
    }
}
{
    "level": "INFO",
    "message": "DATABASE_CONNECTION",
    "timestamp": "2025-04-16T15:33:16.819Z",
    "meta": {
        "CONNECTION_NAME": "goupbroad"
    }
}
{
    "level": "INFO",
    "message": "RATE_LIMITER_INITIATED",
    "timestamp": "2025-04-16T15:33:16.832Z",
    "meta": {}
}
{
    "level": "INFO",
    "message": "APPLICATION_STARTED",
    "timestamp": "2025-04-16T15:33:16.832Z",
    "meta": {
        "PORT": "5000",
        "SERVER_URL": "http://localhost:5000"
    }
}
{
    "level": "INFO",
    "message": "DATABASE_CONNECTION",
    "timestamp": "2025-04-16T15:33:23.572Z",
    "meta": {
        "CONNECTION_NAME": "goupbroad"
    }
}
{
    "level": "INFO",
    "message": "RATE_LIMITER_INITIATED",
    "timestamp": "2025-04-16T15:33:23.585Z",
    "meta": {}
}
{
    "level": "INFO",
    "message": "APPLICATION_STARTED",
    "timestamp": "2025-04-16T15:33:23.586Z",
    "meta": {
        "PORT": "5000",
        "SERVER_URL": "http://localhost:5000"
    }
}
{
    "level": "INFO",
    "message": "DATABASE_CONNECTION",
    "timestamp": "2025-04-16T15:35:28.549Z",
    "meta": {
        "CONNECTION_NAME": "goupbroad"
    }
}
{
    "level": "INFO",
    "message": "RATE_LIMITER_INITIATED",
    "timestamp": "2025-04-16T15:35:28.559Z",
    "meta": {}
}
{
    "level": "INFO",
    "message": "APPLICATION_STARTED",
    "timestamp": "2025-04-16T15:35:28.560Z",
    "meta": {
        "PORT": "5000",
        "SERVER_URL": "http://localhost:5000"
    }
}
{
    "level": "INFO",
    "message": "DATABASE_CONNECTION",
    "timestamp": "2025-04-16T15:36:09.524Z",
    "meta": {
        "CONNECTION_NAME": "goupbroad"
    }
}
{
    "level": "INFO",
    "message": "RATE_LIMITER_INITIATED",
    "timestamp": "2025-04-16T15:36:09.535Z",
    "meta": {}
}
{
    "level": "INFO",
    "message": "APPLICATION_STARTED",
    "timestamp": "2025-04-16T15:36:09.570Z",
    "meta": {
        "PORT": "5000",
        "SERVER_URL": "http://localhost:5000"
    }
}
{
    "level": "INFO",
    "message": "DATABASE_CONNECTION",
    "timestamp": "2025-04-16T15:38:10.189Z",
    "meta": {
        "CONNECTION_NAME": "goupbroad"
    }
}
{
    "level": "INFO",
    "message": "RATE_LIMITER_INITIATED",
    "timestamp": "2025-04-16T15:38:10.203Z",
    "meta": {}
}
{
    "level": "INFO",
    "message": "APPLICATION_STARTED",
    "timestamp": "2025-04-16T15:38:10.204Z",
    "meta": {
        "PORT": "5000",
        "SERVER_URL": "http://localhost:5000"
    }
}
{
    "level": "INFO",
    "message": "DATABASE_CONNECTION",
    "timestamp": "2025-04-16T15:38:59.787Z",
    "meta": {
        "CONNECTION_NAME": "goupbroad"
    }
}
{
    "level": "INFO",
    "message": "RATE_LIMITER_INITIATED",
    "timestamp": "2025-04-16T15:38:59.802Z",
    "meta": {}
}
{
    "level": "INFO",
    "message": "APPLICATION_STARTED",
    "timestamp": "2025-04-16T15:38:59.803Z",
    "meta": {
        "PORT": "5000",
        "SERVER_URL": "http://localhost:5000"
    }
}
